<?xml version="1.0" encoding="UTF-8"?>
<!-- Generated by org.testng.reporters.JUnitReportReporter -->
<testsuite hostname="Dell" failures="0" tests="1" name="TestData.Test1" time="12.575" errors="0" timestamp="2023-03-20T09:02:43 IST" skipped="0">
  <testcase classname="TestData.Test1" name="VerifyUser_Login" time="12.575"/>
  <system-out/>
</testsuite> <!-- TestData.Test1 -->
